<?xml version="1.0" encoding="UTF-8"?>
<testExecutions version="1">
  <file path="C:\Users\HP\Desktop\SoftEng2\se-2022-12-HikeTracker\client\src\views\LocalGuidePage\LinkPoint\LinkStartEndPoint.test.jsx">
    <testCase name="LinkStartEndPoint View has title" duration="105"/>
    <testCase name="LinkStartEndPoint View has start point" duration="23"/>
    <testCase name="LinkStartEndPoint View has end point" duration="16"/>
    <testCase name="LinkStartEndPoint View has submit button" duration="140"/>
    <testCase name="LinkStartEndPoint View has reset button" duration="70"/>
    <testCase name="LinkStartEndPoint View has reset function" duration="52"/>
  </file>
  <file path="C:\Users\HP\Desktop\SoftEng2\se-2022-12-HikeTracker\client\src\views\LocalGuidePage\AddReferencePoint\AddReferencePoint.test.jsx">
    <testCase name="AddReferencePoint View has title" duration="89"/>
    <testCase name="AddReferencePoint View has subtitle" duration="35"/>
    <testCase name="AddReferencePoint View has no reference points" duration="30"/>
    <testCase name="AddReferencePoint View has name input" duration="23"/>
    <testCase name="AddReferencePoint View has submit button" duration="125"/>
    <testCase name="AddReferencePoint View has reset button" duration="51"/>
  </file>
  <file path="C:\Users\HP\Desktop\SoftEng2\se-2022-12-HikeTracker\client\src\components\ui-core\RegisterForm\RegisterForm.test.jsx">
    <testCase name="RegisterForm has username label" duration="101"/>
    <testCase name="RegisterForm has email label" duration="23"/>
    <testCase name="RegisterForm has password label" duration="20"/>
    <testCase name="RegisterForm has password confimation label" duration="15"/>
    <testCase name="RegisterForm has username field" duration="119"/>
    <testCase name="RegisterForm has email field" duration="42"/>
    <testCase name="RegisterForm has password field" duration="12"/>
    <testCase name="RegisterForm has password confirmation field" duration="19"/>
    <testCase name="RegisterForm Check if RegisterForm has signup button" duration="24"/>
    <testCase name="RegisterForm onSubmit is called after validation" duration="901"/>
  </file>
  <file path="C:\Users\HP\Desktop\SoftEng2\se-2022-12-HikeTracker\client\src\views\HikeDetails\HikeDetails.test.jsx">
    <testCase name="Hike details has title" duration="192"/>
    <testCase name="Hike details has image" duration="22"/>
    <testCase name="Hike details has disclamer" duration="21"/>
    <testCase name="Hike details has length" duration="51"/>
    <testCase name="Hike details has ascent" duration="48"/>
    <testCase name="Hike details has time" duration="47"/>
    <testCase name="Hike details has start" duration="35"/>
    <testCase name="Hike details has end" duration="35"/>
    <testCase name="Hike details has reference" duration="51"/>
  </file>
  <file path="C:\Users\HP\Desktop\SoftEng2\se-2022-12-HikeTracker\client\src\views\HutDetails\HutDetails.test.jsx">
    <testCase name="Hut details has title" duration="132"/>
    <testCase name="Hut details has image" duration="23"/>
    <testCase name="Hut details has disclamer" duration="10"/>
    <testCase name="Hut details has website" duration="36"/>
    <testCase name="Hut details has rooms" duration="28"/>
    <testCase name="Hut details has beds" duration="41"/>
    <testCase name="Hut details has opening" duration="23"/>
    <testCase name="Hut details has phone" duration="39"/>
  </file>
  <file path="C:\Users\HP\Desktop\SoftEng2\se-2022-12-HikeTracker\client\src\views\Register\RegisterRole.test.jsx">
    <testCase name="Register Role shows the hiker form" duration="65"/>
    <testCase name="Register Role shows the advanced form" duration="37"/>
    <testCase name="Register Role send back to home if logged" duration="22"/>
    <testCase name="Register Role onSubmit is called after validation" duration="1165"/>
  </file>
  <file path="C:\Users\HP\Desktop\SoftEng2\se-2022-12-HikeTracker\client\src\views\Hike\Hike.test.jsx">
    <testCase name="Hikes View have the main test" duration="49"/>
    <testCase name="Hikes View correctly renders the Filter component" duration="4"/>
    <testCase name="Hikes View have cards" duration="18"/>
  </file>
  <file path="C:\Users\HP\Desktop\SoftEng2\se-2022-12-HikeTracker\client\src\components\ui-core\RegisterForm\RegisterFormAdvanced.test.jsx">
    <testCase name="RegisterFormAdvanced Check if RegisterForm has username label" duration="107"/>
    <testCase name="RegisterFormAdvanced Check if RegisterForm has email label" duration="30"/>
    <testCase name="RegisterFormAdvanced has name label" duration="22"/>
    <testCase name="RegisterFormAdvanced has surname label" duration="18"/>
    <testCase name="RegisterFormAdvanced has phone number label" duration="23"/>
    <testCase name="RegisterFormAdvanced Check if RegisterForm has password label" duration="43"/>
    <testCase name="RegisterFormAdvanced Check if RegisterForm has password confimation label" duration="16"/>
    <testCase name="RegisterFormAdvanced has gender label" duration="14"/>
    <testCase name="RegisterFormAdvanced Check if RegisterForm has username field" duration="147"/>
    <testCase name="RegisterFormAdvanced Check if RegisterForm has email field" duration="51"/>
    <testCase name="RegisterFormAdvanced has name field" duration="21"/>
    <testCase name="RegisterFormAdvanced has surname field" duration="47"/>
    <testCase name="RegisterFormAdvanced has phone number field" duration="41"/>
    <testCase name="RegisterFormAdvanced has password field" duration="20"/>
    <testCase name="RegisterFormAdvanced has password confirmation field" duration="29"/>
    <testCase name="RegisterFormAdvanced has gender field" duration="34"/>
    <testCase name="RegisterFormAdvanced Check if RegisterForm has signup button" duration="36"/>
    <testCase name="RegisterFormAdvanced onSubmit is called after validation" duration="1448"/>
  </file>
  <file path="C:\Users\HP\Desktop\SoftEng2\se-2022-12-HikeTracker\client\src\views\LocalGuidePage\Hikes\LocalGuideHikes.test.jsx">
    <testCase name="LocalGuideHikes View have title" duration="56"/>
    <testCase name="LocalGuideHikes View have cards" duration="17"/>
  </file>
  <file path="C:\Users\HP\Desktop\SoftEng2\se-2022-12-HikeTracker\client\src\components\ui-core\LoginForm\LoginForm.test.jsx">
    <testCase name="LoginForm has email label" duration="36"/>
    <testCase name="LoginForm has password label" duration="7"/>
    <testCase name="LoginForm has email field" duration="35"/>
    <testCase name="LoginForm has password field" duration="7"/>
    <testCase name="LoginForm has login button" duration="13"/>
    <testCase name="LoginForm handleSubmit is called after validation" duration="526"/>
  </file>
  <file path="C:\Users\HP\Desktop\SoftEng2\se-2022-12-HikeTracker\client\src\views\Hut\Hut.test.jsx">
    <testCase name="Huts View have the main text" duration="39"/>
    <testCase name="Huts View correctly renders the Filter component" duration="5"/>
    <testCase name="Huts View have cards" duration="11"/>
  </file>
  <file path="C:\Users\HP\Desktop\SoftEng2\se-2022-12-HikeTracker\client\src\views\AddHut\AddHut.test.jsx">
    <testCase name="Add hut page has title" duration="68"/>
    <testCase name="Add hut page has form fiels" duration="16"/>
    <testCase name="Add hut page has map" duration="15"/>
    <testCase name="Add hut page has Submit button" duration="55"/>
    <testCase name="Add hut page has Center button" duration="41"/>
  </file>
  <file path="C:\Users\HP\Desktop\SoftEng2\se-2022-12-HikeTracker\client\src\views\AddHike\AddHike.test.jsx">
    <testCase name="AddHike page has title" duration="89"/>
    <testCase name="AddHike page has the correct Name field and it exists" duration="20"/>
    <testCase name="AddHike page has the correct Image field and it exists" duration="18"/>
    <testCase name="AddHike page has the correct Expected Time (in hour) field and it exists" duration="18"/>
    <testCase name="AddHike page has the correct Hike&apos;s difficulty field and it exists" duration="18"/>
    <testCase name="AddHike page has the correct Description field and it exists" duration="25"/>
    <testCase name="AddHike page has the correct Upload your GPX File field and it exists" duration="13"/>
    <testCase name="AddHike page has the correct Upload your image field and it exists" duration="15"/>
    <testCase name="AddHike page has Submit button" duration="33"/>
  </file>
  <file path="C:\Users\HP\Desktop\SoftEng2\se-2022-12-HikeTracker\client\src\views\Home\Home.test.jsx">
    <testCase name="HomeView Check if Home have the background image" duration="32"/>
    <testCase name="HomeView Check if Home have the main test" duration="9"/>
    <testCase name="HomeView Check if Home have the link to show the general hike list" duration="83"/>
    <testCase name="HomeView logged in Check if Home has the link to show the personal hike list" duration="98"/>
    <testCase name="HomeView logged in Check if Home has the link to show the general hut list" duration="80"/>
  </file>
  <file path="C:\Users\HP\Desktop\SoftEng2\se-2022-12-HikeTracker\client\src\hooks\useTime.test.js">
    <testCase name="my time has days" duration="104"/>
    <testCase name="my time has hours" duration="21"/>
    <testCase name="my time has minutes" duration="22"/>
    <testCase name="my time has seconds" duration="31"/>
  </file>
  <file path="C:\Users\HP\Desktop\SoftEng2\se-2022-12-HikeTracker\client\src\views\Register\Register.test.jsx">
    <testCase name="Register view does not load if logged" duration="16"/>
    <testCase name="Register view has the correct Text" duration="30"/>
    <testCase name="Register view has the correct Hiker button" duration="24"/>
    <testCase name="Register view has the correct Local guide button" duration="23"/>
    <testCase name="Register view has the correct Hut worker button" duration="15"/>
    <testCase name="Register view has the correct Image" duration="12"/>
    <testCase name="Register view has the correct /signup/hiker to show registration form for Hiker" duration="89"/>
    <testCase name="Register view has the correct /signup/localGuide to show registration form for Local guide" duration="91"/>
    <testCase name="Register view has the correct /signup/hutWorker to show registration form for Hut worker" duration="71"/>
  </file>
  <file path="C:\Users\HP\Desktop\SoftEng2\se-2022-12-HikeTracker\client\src\components\utils\Filter\Hike\HikeFilter.test.jsx">
    <testCase name="Filter components is rendered" duration="195"/>
    <testCase name="Filter components have the correct region-select" duration="34"/>
    <testCase name="Filter components have the correct province-select" duration="21"/>
    <testCase name="Filter components have the correct city-select" duration="20"/>
    <testCase name="Filter components have the correct range-select" duration="26"/>
    <testCase name="Filter components have the correct difficulty-select" duration="18"/>
    <testCase name="Filter components have the correct ascent-select-min" duration="13"/>
    <testCase name="Filter components have the correct ascent-select-max" duration="19"/>
    <testCase name="Filter components have the correct expectedTime-select-min" duration="25"/>
    <testCase name="Filter components have the correct expectedTime-select-max" duration="15"/>
    <testCase name="Filter components have the correct length-select-min" duration="22"/>
    <testCase name="Filter components have the correct length-select-max" duration="19"/>
    <testCase name="Filter components reset button is rendered and it works" duration="38"/>
    <testCase name="Filter components search button is rendered and it works" duration="45"/>
  </file>
  <file path="C:\Users\HP\Desktop\SoftEng2\se-2022-12-HikeTracker\client\src\components\utils\Filter\Hut\HutFilter.test.jsx">
    <testCase name="Filter components is rendered" duration="196"/>
    <testCase name="Filter components have the correct region-select" duration="23"/>
    <testCase name="Filter components have the correct province-select" duration="18"/>
    <testCase name="Filter components have the correct city-select" duration="30"/>
    <testCase name="Filter components have the correct range-select" duration="14"/>
    <testCase name="Filter components have the correct name-select" duration="17"/>
    <testCase name="Filter components have the correct rooms-select-min" duration="20"/>
    <testCase name="Filter components have the correct rooms-select-max" duration="20"/>
    <testCase name="Filter components have the correct beds-select-min" duration="19"/>
    <testCase name="Filter components have the correct beds-select-max" duration="18"/>
    <testCase name="Filter components have the correct altitude-select-min" duration="19"/>
    <testCase name="Filter components have the correct altitude-select-max" duration="18"/>
    <testCase name="Filter components reset button is rendered and it works" duration="36"/>
    <testCase name="Filter components search button is rendered and it works" duration="36"/>
  </file>
  <file path="C:\Users\HP\Desktop\SoftEng2\se-2022-12-HikeTracker\client\src\components\utils\Input\Select.test.jsx">
    <testCase name="Select component Component is correctly rendered" duration="28"/>
    <testCase name="Select component Select id is correctly set" duration="4"/>
    <testCase name="Select component Select name is correctly set" duration="5"/>
    <testCase name="Select component Default option is correctly rendered" duration="24"/>
    <testCase name="Select component Children options are correctly rendered" duration="39"/>
    <testCase name="Select component Child option 1 is correctly set" duration="22"/>
    <testCase name="Select component Child option 2 is correctly set" duration="22"/>
    <testCase name="Select component Child option 3 is correctly set" duration="35"/>
    <testCase name="Select component Default option has value set to 0 if it is not set" duration="23"/>
    <testCase name="Select component Default option has empty label if it is not set" duration="16"/>
    <testCase name="Select component Default option label is correctly set" duration="18"/>
    <testCase name="Select component Default option value is correctly set" duration="13"/>
    <testCase name="Select component Input is not disabled if prop is not true" duration="4"/>
    <testCase name="Select component Select is disabled if prop is true" duration="3"/>
    <testCase name="Select component Error style is applied to the select when a validation error occurs" duration="7"/>
    <testCase name="Select component Success style is applied to the input when there is no validation error" duration="4"/>
    <testCase name="Select component Error message is not visable when there is no validation error" duration="4"/>
    <testCase name="Select component Error message is visable when there is a validation error" duration="4"/>
  </file>
  <file path="C:\Users\HP\Desktop\SoftEng2\se-2022-12-HikeTracker\client\src\components\utils\Input\TextArea.test.jsx">
    <testCase name="TextArea component is correctly rendered" duration="54"/>
    <testCase name="TextArea component id is correctly set" duration="9"/>
    <testCase name="TextArea component name is correctly set" duration="8"/>
    <testCase name="TextArea component placeholder is correctly set" duration="6"/>
    <testCase name="TextArea component is not disabled if props is not true" duration="7"/>
    <testCase name="TextArea component is disabled if props is true" duration="7"/>
    <testCase name="TextArea component error style is applied when a validation error occurs" duration="8"/>
    <testCase name="TextArea component success style is applied when a validation error occurs" duration="9"/>
    <testCase name="TextArea component error message is not showed if there is no validation error" duration="6"/>
    <testCase name="TextArea component error message is showed if there is validation error" duration="7"/>
    <testCase name="TextArea component user is able to type and change input value" duration="130"/>
  </file>
  <file path="C:\Users\HP\Desktop\SoftEng2\se-2022-12-HikeTracker\client\src\views\LocalGuidePage\LinkHut\LinkHutToHike.test.jsx">
    <testCase name="LinkHutToHike View has title" duration="52"/>
    <testCase name="LinkHutToHike View has start point" duration="9"/>
    <testCase name="LinkHutToHike View has submit button" duration="65"/>
    <testCase name="LinkHutToHike View has reset button" duration="52"/>
  </file>
  <file path="C:\Users\HP\Desktop\SoftEng2\se-2022-12-HikeTracker\client\src\components\ui-core\Navbar\Navbar.test.jsx">
    <testCase name="Navbar component render logo" duration="45"/>
    <testCase name="Navbar component have home link" duration="8"/>
    <testCase name="Navbar component have Login link" duration="44"/>
    <testCase name="Navbar component have SignUp link" duration="26"/>
    <testCase name="Navbar component have not Login link when an user is loggedIn" duration="16"/>
    <testCase name="Navbar component have not SignUp link when an user is loggedIn" duration="10"/>
    <testCase name="Navbar component have Profile link for the localGuide" duration="26"/>
    <testCase name="Navbar component have Add hike link for the localGuide" duration="32"/>
    <testCase name="Navbar component have Add hut link for the localGuide" duration="33"/>
    <testCase name="Navbar component have Add parking lot link for the localGuide" duration="24"/>
  </file>
  <file path="C:\Users\HP\Desktop\SoftEng2\se-2022-12-HikeTracker\client\src\components\utils\Input\Input.test.jsx">
    <testCase name="Input component is correctly rendered" duration="42"/>
    <testCase name="Input component Input id is correctly set" duration="5"/>
    <testCase name="Input component Input name is correctly set" duration="5"/>
    <testCase name="Input component Input type is correctly set" duration="7"/>
    <testCase name="Input component Input placeholder is correctly set" duration="6"/>
    <testCase name="Input component is not disable if props is not true" duration="5"/>
    <testCase name="Input component is disable if props is true" duration="5"/>
    <testCase name="Input component error style is applied when a validation error occurs" duration="6"/>
    <testCase name="Input component success style is applied when a validation error occurs" duration="6"/>
    <testCase name="Input component error message is not showed if there is no validation error" duration="5"/>
    <testCase name="Input component error message is showed if there is validation error" duration="3"/>
    <testCase name="Input component user is able to type and change input value" duration="124"/>
  </file>
  <file path="C:\Users\HP\Desktop\SoftEng2\se-2022-12-HikeTracker\client\src\views\AddParking\AddParking.test.jsx">
    <testCase name="Add parking page has title" duration="93"/>
    <testCase name="Add parking page has form fiels" duration="7"/>
    <testCase name="Add parking page has map" duration="5"/>
    <testCase name="Add parking page has Submit button" duration="22"/>
    <testCase name="Add parking page has Center button" duration="45"/>
  </file>
  <file path="C:\Users\HP\Desktop\SoftEng2\se-2022-12-HikeTracker\client\src\components\utils\Input\Check.test.jsx">
    <testCase name="Check component is correctly rendered" duration="25"/>
    <testCase name="Check component id attribute is correctly set" duration="4"/>
    <testCase name="Check component name attribute is correctly set" duration="4"/>
    <testCase name="Check component is not active if its value is false" duration="16"/>
    <testCase name="Check component is active if its value is true" duration="20"/>
    <testCase name="Check component User is able to change checkbox status to active on click" duration="53"/>
    <testCase name="Check component User is able to change checkbox status to unactive on click" duration="40"/>
  </file>
  <file path="C:\Users\HP\Desktop\SoftEng2\se-2022-12-HikeTracker\client\src\views\LocalGuidePage\LocalGuidePage.test.jsx">
    <testCase name="Local guide page has welcome name" duration="30"/>
    <testCase name="Local guide page has user image male" duration="21"/>
    <testCase name="Local guide page has user image female" duration="17"/>
    <testCase name="Local guide page has user gender undefined" duration="7"/>
    <testCase name="Local guide page card is rendered" duration="6"/>
  </file>
  <file path="C:\Users\HP\Desktop\SoftEng2\se-2022-12-HikeTracker\client\src\components\ui-core\HikeCard\HikeCard.test.jsx">
    <testCase name="Hike card component have the correct title" duration="35"/>
    <testCase name="Hike card component have the correct description" duration="8"/>
    <testCase name="Hike card component have the correct author" duration="7"/>
    <testCase name="Hike card component have the correct upload Date" duration="6"/>
    <testCase name="Hike card component image correctly rendered" duration="8"/>
    <testCase name="Hike card component user is able to navigate when card is clicked" duration="74"/>
  </file>
  <file path="C:\Users\HP\Desktop\SoftEng2\se-2022-12-HikeTracker\client\src\views\ErrorView\ErrorView.test.jsx">
    <testCase name="Error view have the error text" duration="52"/>
    <testCase name="Error view have the &quot;Back to home&quot; button" duration="21"/>
    <testCase name="Error view have the back top homepage link" duration="28"/>
  </file>
  <file path="C:\Users\HP\Desktop\SoftEng2\se-2022-12-HikeTracker\client\src\views\Hiker\CompletedHikes\HikerCompletedHikes.test.jsx">
    <testCase name="LocalGuideHikes View have title" duration="42"/>
    <testCase name="LocalGuideHikes View have no hikes" duration="6"/>
    <testCase name="LocalGuideHikes View have some hikes" duration="15"/>
  </file>
  <file path="C:\Users\HP\Desktop\SoftEng2\se-2022-12-HikeTracker\client\src\components\ui-core\LocalGuideServiceCard\LocalGuideServiceCard.test.jsx">
    <testCase name="Local guide service card component have the correct title" duration="100"/>
    <testCase name="Local guide service card component have the correct description" duration="5"/>
    <testCase name="Local guide service card component have the correct addName" duration="6"/>
    <testCase name="Local guide service card component image correctly rendered" duration="5"/>
    <testCase name="Local guide service card component user is able to navigate when card is clicked" duration="11"/>
  </file>
  <file path="C:\Users\HP\Desktop\SoftEng2\se-2022-12-HikeTracker\client\src\components\ui-core\InfoPoint\InfoPoint.test.jsx">
    <testCase name="Info point has accordion" duration="21"/>
    <testCase name="Info point no points" duration="4"/>
  </file>
  <file path="C:\Users\HP\Desktop\SoftEng2\se-2022-12-HikeTracker\client\src\components\ui-core\HutCard\HutCard.test.jsx">
    <testCase name="Hut card component have the correct name" duration="45"/>
    <testCase name="Hut card component have the correct description" duration="12"/>
    <testCase name="Hut card component image correctly rendered" duration="8"/>
    <testCase name="Hut card component user is able to navigate when card is clicked" duration="83"/>
  </file>
  <file path="C:\Users\HP\Desktop\SoftEng2\se-2022-12-HikeTracker\client\src\components\ui-core\locate\AddMarker.test.jsx">
    <testCase name="AddMarker component has rendered" duration="19"/>
  </file>
  <file path="C:\Users\HP\Desktop\SoftEng2\se-2022-12-HikeTracker\client\src\components\utils\AppContainer\AppContainer.test.jsx">
    <testCase name="AppContainer Check if Navbar is render" duration="35"/>
    <testCase name="AppContainer Check if go to top page button is render" duration="5"/>
  </file>
  <file path="C:\Users\HP\Desktop\SoftEng2\se-2022-12-HikeTracker\client\src\views\Login\Login.test.jsx">
    <testCase name="Login page has title" duration="35"/>
    <testCase name="Login page has image" duration="7"/>
    <testCase name="Login page form is render" duration="5"/>
  </file>
  <file path="C:\Users\HP\Desktop\SoftEng2\se-2022-12-HikeTracker\client\src\components\ui-core\locate\AddMarkerAndInfo.test.jsx">
    <testCase name="AddMarkerAndInfo component has rendered" duration="13"/>
  </file>
  <file path="C:\Users\HP\Desktop\SoftEng2\se-2022-12-HikeTracker\client\src\views\Email\EmailConf.test.jsx">
    <testCase name="Email confirmation have the confirmation text" duration="17"/>
    <testCase name="Email confirmation have the subtitle" duration="3"/>
  </file>
  <file path="C:\Users\HP\Desktop\SoftEng2\se-2022-12-HikeTracker\client\src\views\Email\EmailErr.test.jsx">
    <testCase name="Email confirmation have the error text" duration="17"/>
    <testCase name="Email confirmation have the subtitle" duration="3"/>
  </file>
</testExecutions>